<?xml version="1.0" encoding="UTF-8"?>
<!-- Generated by org.testng.reporters.JUnitReportReporter -->
<testsuite skipped="0" hostname="DOB30HON3B" name="testNGtutorials.errorMessageVerification" tests="1" failures="0" timestamp="24 Jul 2018 13:24:27 GMT" time="12.443" errors="0">
  <testcase name="errormessage" time="12.443" classname="testNGtutorials.errorMessageVerification"/>
</testsuite> <!-- testNGtutorials.errorMessageVerification -->
